EndNode: 0 20, StartNode: 0 9
0 20 -> 0 19 -> 0 18 -> 0 17 -> 0 16 -> 0 15 -> 0 14 -> 0 13 -> 0 12 -> 0 11 -> 0 10 -> 0 9 END
Crossed Intersections: 1

EndNode: 9 0, StartNode: 0 9
9 0 -> 8 0 -> 7 0 -> 6 0 -> 5 0 -> 4 0 -> 3 0 -> 2 0 -> 1 0 -> 0 0 -> 0 1 -> 0 2 -> 0 3 -> 0 4 -> 0 5 -> 0 6 -> 0 7 -> 0 8 -> 0 9 END
Crossed Intersections: 1

EndNode: 9 9, StartNode: 0 9
9 9 -> 8 9 -> 7 9 -> 6 9 -> 5 9 -> 4 9 -> 3 9 -> 2 9 -> 1 9 -> 0 9 END
Crossed Intersections: 1

EndNode: 9 20, StartNode: 0 20
9 20 -> 8 20 -> 7 20 -> 6 20 -> 5 20 -> 4 20 -> 3 20 -> 2 20 -> 1 20 -> 0 20 END
Crossed Intersections: 1

EndNode: 9 9, StartNode: 9 0
9 9 -> 9 8 -> 9 7 -> 9 6 -> 9 5 -> 9 4 -> 9 3 -> 9 2 -> 9 1 -> 9 0 END
Crossed Intersections: 1

EndNode: 20 0, StartNode: 9 0
20 0 -> 19 0 -> 18 0 -> 17 0 -> 16 0 -> 15 0 -> 14 0 -> 13 0 -> 12 0 -> 11 0 -> 10 0 -> 9 0 END
Crossed Intersections: 1

EndNode: 9 20, StartNode: 9 9
9 20 -> 9 19 -> 9 18 -> 9 17 -> 9 16 -> 9 15 -> 9 14 -> 9 13 -> 9 12 -> 9 11 -> 9 10 -> 9 9 END
Crossed Intersections: 1

EndNode: 20 9, StartNode: 9 9
20 9 -> 19 9 -> 18 9 -> 17 9 -> 16 9 -> 15 9 -> 14 9 -> 13 9 -> 12 9 -> 11 9 -> 10 9 -> 9 9 END
Crossed Intersections: 1

EndNode: 9 29, StartNode: 9 20
9 29 -> 9 28 -> 9 27 -> 9 26 -> 9 25 -> 9 24 -> 9 23 -> 9 22 -> 9 21 -> 9 20 END
Crossed Intersections: 1

EndNode: 20 20, StartNode: 9 20
20 20 -> 19 20 -> 18 20 -> 17 20 -> 16 20 -> 15 20 -> 14 20 -> 13 20 -> 12 20 -> 11 20 -> 10 20 -> 9 20 END
Crossed Intersections: 1

EndNode: 20 29, StartNode: 9 29
20 29 -> 19 29 -> 18 29 -> 17 29 -> 16 29 -> 15 29 -> 14 29 -> 13 29 -> 12 29 -> 11 29 -> 10 29 -> 9 29 END
Crossed Intersections: 1

EndNode: 20 9, StartNode: 20 0
20 9 -> 20 8 -> 20 7 -> 20 6 -> 20 5 -> 20 4 -> 20 3 -> 20 2 -> 20 1 -> 20 0 END
Crossed Intersections: 1

EndNode: 29 9, StartNode: 20 0
29 9 -> 29 8 -> 29 7 -> 29 6 -> 29 5 -> 29 4 -> 29 3 -> 29 2 -> 29 1 -> 29 0 -> 28 0 -> 27 0 -> 26 0 -> 25 0 -> 24 0 -> 23 0 -> 22 0 -> 21 0 -> 20 0 END
Crossed Intersections: 1

EndNode: 20 20, StartNode: 20 9
20 20 -> 20 19 -> 20 18 -> 20 17 -> 20 16 -> 20 15 -> 20 14 -> 20 13 -> 20 12 -> 20 11 -> 20 10 -> 20 9 END
Crossed Intersections: 1

EndNode: 29 9, StartNode: 20 9
29 9 -> 28 9 -> 27 9 -> 26 9 -> 25 9 -> 24 9 -> 23 9 -> 22 9 -> 21 9 -> 20 9 END
Crossed Intersections: 1

EndNode: 20 29, StartNode: 20 20
20 29 -> 20 28 -> 20 27 -> 20 26 -> 20 25 -> 20 24 -> 20 23 -> 20 22 -> 20 21 -> 20 20 END
Crossed Intersections: 1

EndNode: 29 20, StartNode: 20 20
29 20 -> 28 20 -> 27 20 -> 26 20 -> 25 20 -> 24 20 -> 23 20 -> 22 20 -> 21 20 -> 20 20 END
Crossed Intersections: 1

EndNode: 29 20, StartNode: 29 9
29 20 -> 29 19 -> 29 18 -> 29 17 -> 29 16 -> 29 15 -> 29 14 -> 29 13 -> 29 12 -> 29 11 -> 29 10 -> 29 9 END
Crossed Intersections: 1

