EndNode: 1 9, StartNode: 1 1
1 9 -> 1 8 -> 1 7 -> 1 6 -> 1 5 -> 1 4 -> 1 3 -> 1 2 -> 1 1 END
Crossed Intersections: 1

EndNode: 1 20, StartNode: 1 1
1 20 -> 1 19 -> 1 18 -> 1 17 -> 1 16 -> 1 15 -> 1 14 -> 1 13 -> 1 12 -> 1 11 -> 1 10 -> 1 9 -> 1 8 -> 1 7 -> 1 6 -> 1 5 -> 1 4 -> 1 3 -> 1 2 -> 1 1 END
Crossed Intersections: 2

EndNode: 1 28, StartNode: 1 1
1 28 -> 1 27 -> 1 26 -> 1 25 -> 1 24 -> 1 23 -> 1 22 -> 1 21 -> 1 20 -> 1 19 -> 1 18 -> 1 17 -> 1 16 -> 1 15 -> 1 14 -> 1 13 -> 1 12 -> 1 11 -> 1 10 -> 1 9 -> 1 8 -> 1 7 -> 1 6 -> 1 5 -> 1 4 -> 1 3 -> 1 2 -> 1 1 END
Crossed Intersections: 3

EndNode: 9 1, StartNode: 1 1
9 1 -> 8 1 -> 7 1 -> 6 1 -> 5 1 -> 4 1 -> 3 1 -> 2 1 -> 1 1 END
Crossed Intersections: 1

EndNode: 9 9, StartNode: 1 1
9 9 -> 9 8 -> 9 7 -> 9 6 -> 9 5 -> 9 4 -> 9 3 -> 9 2 -> 9 1 -> 8 1 -> 7 1 -> 6 1 -> 5 1 -> 4 1 -> 3 1 -> 2 1 -> 1 1 END
Crossed Intersections: 2

EndNode: 9 20, StartNode: 1 1
9 20 -> 9 19 -> 9 18 -> 9 17 -> 9 16 -> 9 15 -> 9 14 -> 9 13 -> 9 12 -> 9 11 -> 9 10 -> 9 9 -> 9 8 -> 9 7 -> 9 6 -> 9 5 -> 9 4 -> 9 3 -> 9 2 -> 9 1 -> 8 1 -> 7 1 -> 6 1 -> 5 1 -> 4 1 -> 3 1 -> 2 1 -> 1 1 END
Crossed Intersections: 3

EndNode: 9 28, StartNode: 1 1
9 28 -> 9 27 -> 9 26 -> 9 25 -> 9 24 -> 9 23 -> 9 22 -> 9 21 -> 9 20 -> 9 19 -> 9 18 -> 9 17 -> 9 16 -> 9 15 -> 9 14 -> 9 13 -> 9 12 -> 9 11 -> 9 10 -> 9 9 -> 9 8 -> 9 7 -> 9 6 -> 9 5 -> 9 4 -> 9 3 -> 9 2 -> 9 1 -> 8 1 -> 7 1 -> 6 1 -> 5 1 -> 4 1 -> 3 1 -> 2 1 -> 1 1 END
Crossed Intersections: 4

EndNode: 20 1, StartNode: 1 1
20 1 -> 19 1 -> 18 1 -> 17 1 -> 16 1 -> 15 1 -> 14 1 -> 13 1 -> 12 1 -> 11 1 -> 10 1 -> 9 1 -> 8 1 -> 7 1 -> 6 1 -> 5 1 -> 4 1 -> 3 1 -> 2 1 -> 1 1 END
Crossed Intersections: 2

EndNode: 20 9, StartNode: 1 1
20 9 -> 20 8 -> 20 7 -> 20 6 -> 20 5 -> 20 4 -> 20 3 -> 20 2 -> 20 1 -> 19 1 -> 18 1 -> 17 1 -> 16 1 -> 15 1 -> 14 1 -> 13 1 -> 12 1 -> 11 1 -> 10 1 -> 9 1 -> 8 1 -> 7 1 -> 6 1 -> 5 1 -> 4 1 -> 3 1 -> 2 1 -> 1 1 END
Crossed Intersections: 3

EndNode: 20 20, StartNode: 1 1
20 20 -> 20 19 -> 20 18 -> 20 17 -> 20 16 -> 20 15 -> 20 14 -> 20 13 -> 20 12 -> 20 11 -> 20 10 -> 20 9 -> 20 8 -> 20 7 -> 20 6 -> 20 5 -> 20 4 -> 20 3 -> 20 2 -> 20 1 -> 19 1 -> 18 1 -> 17 1 -> 16 1 -> 15 1 -> 14 1 -> 13 1 -> 12 1 -> 11 1 -> 10 1 -> 9 1 -> 8 1 -> 7 1 -> 6 1 -> 5 1 -> 4 1 -> 3 1 -> 2 1 -> 1 1 END
Crossed Intersections: 4

EndNode: 20 28, StartNode: 1 1
20 28 -> 20 27 -> 20 26 -> 20 25 -> 20 24 -> 20 23 -> 20 22 -> 20 21 -> 20 20 -> 20 19 -> 20 18 -> 20 17 -> 20 16 -> 20 15 -> 20 14 -> 20 13 -> 20 12 -> 20 11 -> 20 10 -> 20 9 -> 20 8 -> 20 7 -> 20 6 -> 20 5 -> 20 4 -> 20 3 -> 20 2 -> 20 1 -> 19 1 -> 18 1 -> 17 1 -> 16 1 -> 15 1 -> 14 1 -> 13 1 -> 12 1 -> 11 1 -> 10 1 -> 9 1 -> 8 1 -> 7 1 -> 6 1 -> 5 1 -> 4 1 -> 3 1 -> 2 1 -> 1 1 END
Crossed Intersections: 5

EndNode: 28 1, StartNode: 1 1
28 1 -> 27 1 -> 26 1 -> 25 1 -> 24 1 -> 23 1 -> 22 1 -> 21 1 -> 20 1 -> 19 1 -> 18 1 -> 17 1 -> 16 1 -> 15 1 -> 14 1 -> 13 1 -> 12 1 -> 11 1 -> 10 1 -> 9 1 -> 8 1 -> 7 1 -> 6 1 -> 5 1 -> 4 1 -> 3 1 -> 2 1 -> 1 1 END
Crossed Intersections: 3

EndNode: 28 9, StartNode: 1 1
28 9 -> 28 8 -> 28 7 -> 28 6 -> 28 5 -> 28 4 -> 28 3 -> 28 2 -> 28 1 -> 27 1 -> 26 1 -> 25 1 -> 24 1 -> 23 1 -> 22 1 -> 21 1 -> 20 1 -> 19 1 -> 18 1 -> 17 1 -> 16 1 -> 15 1 -> 14 1 -> 13 1 -> 12 1 -> 11 1 -> 10 1 -> 9 1 -> 8 1 -> 7 1 -> 6 1 -> 5 1 -> 4 1 -> 3 1 -> 2 1 -> 1 1 END
Crossed Intersections: 4

EndNode: 28 20, StartNode: 1 1
28 20 -> 28 19 -> 28 18 -> 28 17 -> 28 16 -> 28 15 -> 28 14 -> 28 13 -> 28 12 -> 28 11 -> 28 10 -> 28 9 -> 28 8 -> 28 7 -> 28 6 -> 28 5 -> 28 4 -> 28 3 -> 28 2 -> 28 1 -> 27 1 -> 26 1 -> 25 1 -> 24 1 -> 23 1 -> 22 1 -> 21 1 -> 20 1 -> 19 1 -> 18 1 -> 17 1 -> 16 1 -> 15 1 -> 14 1 -> 13 1 -> 12 1 -> 11 1 -> 10 1 -> 9 1 -> 8 1 -> 7 1 -> 6 1 -> 5 1 -> 4 1 -> 3 1 -> 2 1 -> 1 1 END
Crossed Intersections: 5

EndNode: 28 28, StartNode: 1 1
28 28 -> 28 27 -> 28 26 -> 28 25 -> 28 24 -> 28 23 -> 28 22 -> 28 21 -> 28 20 -> 28 19 -> 28 18 -> 28 17 -> 28 16 -> 28 15 -> 28 14 -> 28 13 -> 28 12 -> 28 11 -> 28 10 -> 28 9 -> 28 8 -> 28 7 -> 28 6 -> 28 5 -> 28 4 -> 28 3 -> 28 2 -> 28 1 -> 27 1 -> 26 1 -> 25 1 -> 24 1 -> 23 1 -> 22 1 -> 21 1 -> 20 1 -> 19 1 -> 18 1 -> 17 1 -> 16 1 -> 15 1 -> 14 1 -> 13 1 -> 12 1 -> 11 1 -> 10 1 -> 9 1 -> 8 1 -> 7 1 -> 6 1 -> 5 1 -> 4 1 -> 3 1 -> 2 1 -> 1 1 END
Crossed Intersections: 6

EndNode: 1 20, StartNode: 1 9
1 20 -> 1 19 -> 1 18 -> 1 17 -> 1 16 -> 1 15 -> 1 14 -> 1 13 -> 1 12 -> 1 11 -> 1 10 -> 1 9 END
Crossed Intersections: 1

EndNode: 1 28, StartNode: 1 9
1 28 -> 1 27 -> 1 26 -> 1 25 -> 1 24 -> 1 23 -> 1 22 -> 1 21 -> 1 20 -> 1 19 -> 1 18 -> 1 17 -> 1 16 -> 1 15 -> 1 14 -> 1 13 -> 1 12 -> 1 11 -> 1 10 -> 1 9 END
Crossed Intersections: 2

EndNode: 9 1, StartNode: 1 9
9 1 -> 8 1 -> 7 1 -> 6 1 -> 5 1 -> 4 1 -> 3 1 -> 2 1 -> 1 1 -> 1 2 -> 1 3 -> 1 4 -> 1 5 -> 1 6 -> 1 7 -> 1 8 -> 1 9 END
Crossed Intersections: 2

EndNode: 9 9, StartNode: 1 9
9 9 -> 8 9 -> 7 9 -> 6 9 -> 5 9 -> 4 9 -> 3 9 -> 2 9 -> 1 9 END
Crossed Intersections: 1

EndNode: 9 20, StartNode: 1 9
9 20 -> 9 19 -> 9 18 -> 9 17 -> 9 16 -> 9 15 -> 9 14 -> 9 13 -> 9 12 -> 9 11 -> 9 10 -> 9 9 -> 8 9 -> 7 9 -> 6 9 -> 5 9 -> 4 9 -> 3 9 -> 2 9 -> 1 9 END
Crossed Intersections: 2

EndNode: 9 28, StartNode: 1 9
9 28 -> 9 27 -> 9 26 -> 9 25 -> 9 24 -> 9 23 -> 9 22 -> 9 21 -> 9 20 -> 9 19 -> 9 18 -> 9 17 -> 9 16 -> 9 15 -> 9 14 -> 9 13 -> 9 12 -> 9 11 -> 9 10 -> 9 9 -> 8 9 -> 7 9 -> 6 9 -> 5 9 -> 4 9 -> 3 9 -> 2 9 -> 1 9 END
Crossed Intersections: 3

EndNode: 20 1, StartNode: 1 9
20 1 -> 19 1 -> 18 1 -> 17 1 -> 16 1 -> 15 1 -> 14 1 -> 13 1 -> 12 1 -> 11 1 -> 10 1 -> 9 1 -> 8 1 -> 7 1 -> 6 1 -> 5 1 -> 4 1 -> 3 1 -> 2 1 -> 1 1 -> 1 2 -> 1 3 -> 1 4 -> 1 5 -> 1 6 -> 1 7 -> 1 8 -> 1 9 END
Crossed Intersections: 3

EndNode: 20 9, StartNode: 1 9
20 9 -> 19 9 -> 18 9 -> 17 9 -> 16 9 -> 15 9 -> 14 9 -> 13 9 -> 12 9 -> 11 9 -> 10 9 -> 9 9 -> 8 9 -> 7 9 -> 6 9 -> 5 9 -> 4 9 -> 3 9 -> 2 9 -> 1 9 END
Crossed Intersections: 2

EndNode: 20 20, StartNode: 1 9
20 20 -> 20 19 -> 20 18 -> 20 17 -> 20 16 -> 20 15 -> 20 14 -> 20 13 -> 20 12 -> 20 11 -> 20 10 -> 20 9 -> 19 9 -> 18 9 -> 17 9 -> 16 9 -> 15 9 -> 14 9 -> 13 9 -> 12 9 -> 11 9 -> 10 9 -> 9 9 -> 8 9 -> 7 9 -> 6 9 -> 5 9 -> 4 9 -> 3 9 -> 2 9 -> 1 9 END
Crossed Intersections: 3

EndNode: 20 28, StartNode: 1 9
20 28 -> 20 27 -> 20 26 -> 20 25 -> 20 24 -> 20 23 -> 20 22 -> 20 21 -> 20 20 -> 20 19 -> 20 18 -> 20 17 -> 20 16 -> 20 15 -> 20 14 -> 20 13 -> 20 12 -> 20 11 -> 20 10 -> 20 9 -> 19 9 -> 18 9 -> 17 9 -> 16 9 -> 15 9 -> 14 9 -> 13 9 -> 12 9 -> 11 9 -> 10 9 -> 9 9 -> 8 9 -> 7 9 -> 6 9 -> 5 9 -> 4 9 -> 3 9 -> 2 9 -> 1 9 END
Crossed Intersections: 4

EndNode: 28 1, StartNode: 1 9
28 1 -> 27 1 -> 26 1 -> 25 1 -> 24 1 -> 23 1 -> 22 1 -> 21 1 -> 20 1 -> 19 1 -> 18 1 -> 17 1 -> 16 1 -> 15 1 -> 14 1 -> 13 1 -> 12 1 -> 11 1 -> 10 1 -> 9 1 -> 8 1 -> 7 1 -> 6 1 -> 5 1 -> 4 1 -> 3 1 -> 2 1 -> 1 1 -> 1 2 -> 1 3 -> 1 4 -> 1 5 -> 1 6 -> 1 7 -> 1 8 -> 1 9 END
Crossed Intersections: 4

EndNode: 28 9, StartNode: 1 9
28 9 -> 27 9 -> 26 9 -> 25 9 -> 24 9 -> 23 9 -> 22 9 -> 21 9 -> 20 9 -> 19 9 -> 18 9 -> 17 9 -> 16 9 -> 15 9 -> 14 9 -> 13 9 -> 12 9 -> 11 9 -> 10 9 -> 9 9 -> 8 9 -> 7 9 -> 6 9 -> 5 9 -> 4 9 -> 3 9 -> 2 9 -> 1 9 END
Crossed Intersections: 3

EndNode: 28 20, StartNode: 1 9
28 20 -> 28 19 -> 28 18 -> 28 17 -> 28 16 -> 28 15 -> 28 14 -> 28 13 -> 28 12 -> 28 11 -> 28 10 -> 28 9 -> 27 9 -> 26 9 -> 25 9 -> 24 9 -> 23 9 -> 22 9 -> 21 9 -> 20 9 -> 19 9 -> 18 9 -> 17 9 -> 16 9 -> 15 9 -> 14 9 -> 13 9 -> 12 9 -> 11 9 -> 10 9 -> 9 9 -> 8 9 -> 7 9 -> 6 9 -> 5 9 -> 4 9 -> 3 9 -> 2 9 -> 1 9 END
Crossed Intersections: 4

EndNode: 28 28, StartNode: 1 9
28 28 -> 28 27 -> 28 26 -> 28 25 -> 28 24 -> 28 23 -> 28 22 -> 28 21 -> 28 20 -> 28 19 -> 28 18 -> 28 17 -> 28 16 -> 28 15 -> 28 14 -> 28 13 -> 28 12 -> 28 11 -> 28 10 -> 28 9 -> 27 9 -> 26 9 -> 25 9 -> 24 9 -> 23 9 -> 22 9 -> 21 9 -> 20 9 -> 19 9 -> 18 9 -> 17 9 -> 16 9 -> 15 9 -> 14 9 -> 13 9 -> 12 9 -> 11 9 -> 10 9 -> 9 9 -> 8 9 -> 7 9 -> 6 9 -> 5 9 -> 4 9 -> 3 9 -> 2 9 -> 1 9 END
Crossed Intersections: 5

EndNode: 1 28, StartNode: 1 20
1 28 -> 1 27 -> 1 26 -> 1 25 -> 1 24 -> 1 23 -> 1 22 -> 1 21 -> 1 20 END
Crossed Intersections: 1

EndNode: 9 1, StartNode: 1 20
9 1 -> 8 1 -> 7 1 -> 6 1 -> 5 1 -> 4 1 -> 3 1 -> 2 1 -> 1 1 -> 1 2 -> 1 3 -> 1 4 -> 1 5 -> 1 6 -> 1 7 -> 1 8 -> 1 9 -> 1 10 -> 1 11 -> 1 12 -> 1 13 -> 1 14 -> 1 15 -> 1 16 -> 1 17 -> 1 18 -> 1 19 -> 1 20 END
Crossed Intersections: 3

EndNode: 9 9, StartNode: 1 20
9 9 -> 8 9 -> 7 9 -> 6 9 -> 5 9 -> 4 9 -> 3 9 -> 2 9 -> 1 9 -> 1 10 -> 1 11 -> 1 12 -> 1 13 -> 1 14 -> 1 15 -> 1 16 -> 1 17 -> 1 18 -> 1 19 -> 1 20 END
Crossed Intersections: 2

EndNode: 9 20, StartNode: 1 20
9 20 -> 8 20 -> 7 20 -> 6 20 -> 5 20 -> 4 20 -> 3 20 -> 2 20 -> 1 20 END
Crossed Intersections: 1

EndNode: 9 28, StartNode: 1 20
9 28 -> 9 27 -> 9 26 -> 9 25 -> 9 24 -> 9 23 -> 9 22 -> 9 21 -> 9 20 -> 8 20 -> 7 20 -> 6 20 -> 5 20 -> 4 20 -> 3 20 -> 2 20 -> 1 20 END
Crossed Intersections: 2

EndNode: 20 1, StartNode: 1 20
20 1 -> 19 1 -> 18 1 -> 17 1 -> 16 1 -> 15 1 -> 14 1 -> 13 1 -> 12 1 -> 11 1 -> 10 1 -> 9 1 -> 8 1 -> 7 1 -> 6 1 -> 5 1 -> 4 1 -> 3 1 -> 2 1 -> 1 1 -> 1 2 -> 1 3 -> 1 4 -> 1 5 -> 1 6 -> 1 7 -> 1 8 -> 1 9 -> 1 10 -> 1 11 -> 1 12 -> 1 13 -> 1 14 -> 1 15 -> 1 16 -> 1 17 -> 1 18 -> 1 19 -> 1 20 END
Crossed Intersections: 4

EndNode: 20 9, StartNode: 1 20
20 9 -> 19 9 -> 18 9 -> 17 9 -> 16 9 -> 15 9 -> 14 9 -> 13 9 -> 12 9 -> 11 9 -> 10 9 -> 9 9 -> 8 9 -> 7 9 -> 6 9 -> 5 9 -> 4 9 -> 3 9 -> 2 9 -> 1 9 -> 1 10 -> 1 11 -> 1 12 -> 1 13 -> 1 14 -> 1 15 -> 1 16 -> 1 17 -> 1 18 -> 1 19 -> 1 20 END
Crossed Intersections: 3

EndNode: 20 20, StartNode: 1 20
20 20 -> 19 20 -> 18 20 -> 17 20 -> 16 20 -> 15 20 -> 14 20 -> 13 20 -> 12 20 -> 11 20 -> 10 20 -> 9 20 -> 8 20 -> 7 20 -> 6 20 -> 5 20 -> 4 20 -> 3 20 -> 2 20 -> 1 20 END
Crossed Intersections: 2

EndNode: 20 28, StartNode: 1 20
20 28 -> 20 27 -> 20 26 -> 20 25 -> 20 24 -> 20 23 -> 20 22 -> 20 21 -> 20 20 -> 19 20 -> 18 20 -> 17 20 -> 16 20 -> 15 20 -> 14 20 -> 13 20 -> 12 20 -> 11 20 -> 10 20 -> 9 20 -> 8 20 -> 7 20 -> 6 20 -> 5 20 -> 4 20 -> 3 20 -> 2 20 -> 1 20 END
Crossed Intersections: 3

EndNode: 28 1, StartNode: 1 20
28 1 -> 27 1 -> 26 1 -> 25 1 -> 24 1 -> 23 1 -> 22 1 -> 21 1 -> 20 1 -> 19 1 -> 18 1 -> 17 1 -> 16 1 -> 15 1 -> 14 1 -> 13 1 -> 12 1 -> 11 1 -> 10 1 -> 9 1 -> 8 1 -> 7 1 -> 6 1 -> 5 1 -> 4 1 -> 3 1 -> 2 1 -> 1 1 -> 1 2 -> 1 3 -> 1 4 -> 1 5 -> 1 6 -> 1 7 -> 1 8 -> 1 9 -> 1 10 -> 1 11 -> 1 12 -> 1 13 -> 1 14 -> 1 15 -> 1 16 -> 1 17 -> 1 18 -> 1 19 -> 1 20 END
Crossed Intersections: 5

EndNode: 28 9, StartNode: 1 20
28 9 -> 27 9 -> 26 9 -> 25 9 -> 24 9 -> 23 9 -> 22 9 -> 21 9 -> 20 9 -> 19 9 -> 18 9 -> 17 9 -> 16 9 -> 15 9 -> 14 9 -> 13 9 -> 12 9 -> 11 9 -> 10 9 -> 9 9 -> 8 9 -> 7 9 -> 6 9 -> 5 9 -> 4 9 -> 3 9 -> 2 9 -> 1 9 -> 1 10 -> 1 11 -> 1 12 -> 1 13 -> 1 14 -> 1 15 -> 1 16 -> 1 17 -> 1 18 -> 1 19 -> 1 20 END
Crossed Intersections: 4

EndNode: 28 20, StartNode: 1 20
28 20 -> 27 20 -> 26 20 -> 25 20 -> 24 20 -> 23 20 -> 22 20 -> 21 20 -> 20 20 -> 19 20 -> 18 20 -> 17 20 -> 16 20 -> 15 20 -> 14 20 -> 13 20 -> 12 20 -> 11 20 -> 10 20 -> 9 20 -> 8 20 -> 7 20 -> 6 20 -> 5 20 -> 4 20 -> 3 20 -> 2 20 -> 1 20 END
Crossed Intersections: 3

EndNode: 28 28, StartNode: 1 20
28 28 -> 28 27 -> 28 26 -> 28 25 -> 28 24 -> 28 23 -> 28 22 -> 28 21 -> 28 20 -> 27 20 -> 26 20 -> 25 20 -> 24 20 -> 23 20 -> 22 20 -> 21 20 -> 20 20 -> 19 20 -> 18 20 -> 17 20 -> 16 20 -> 15 20 -> 14 20 -> 13 20 -> 12 20 -> 11 20 -> 10 20 -> 9 20 -> 8 20 -> 7 20 -> 6 20 -> 5 20 -> 4 20 -> 3 20 -> 2 20 -> 1 20 END
Crossed Intersections: 4

EndNode: 9 1, StartNode: 1 28
9 1 -> 8 1 -> 7 1 -> 6 1 -> 5 1 -> 4 1 -> 3 1 -> 2 1 -> 1 1 -> 1 2 -> 1 3 -> 1 4 -> 1 5 -> 1 6 -> 1 7 -> 1 8 -> 1 9 -> 1 10 -> 1 11 -> 1 12 -> 1 13 -> 1 14 -> 1 15 -> 1 16 -> 1 17 -> 1 18 -> 1 19 -> 1 20 -> 1 21 -> 1 22 -> 1 23 -> 1 24 -> 1 25 -> 1 26 -> 1 27 -> 1 28 END
Crossed Intersections: 4

EndNode: 9 9, StartNode: 1 28
9 9 -> 8 9 -> 7 9 -> 6 9 -> 5 9 -> 4 9 -> 3 9 -> 2 9 -> 1 9 -> 1 10 -> 1 11 -> 1 12 -> 1 13 -> 1 14 -> 1 15 -> 1 16 -> 1 17 -> 1 18 -> 1 19 -> 1 20 -> 1 21 -> 1 22 -> 1 23 -> 1 24 -> 1 25 -> 1 26 -> 1 27 -> 1 28 END
Crossed Intersections: 3

EndNode: 9 20, StartNode: 1 28
9 20 -> 8 20 -> 7 20 -> 6 20 -> 5 20 -> 4 20 -> 3 20 -> 2 20 -> 1 20 -> 1 21 -> 1 22 -> 1 23 -> 1 24 -> 1 25 -> 1 26 -> 1 27 -> 1 28 END
Crossed Intersections: 2

EndNode: 9 28, StartNode: 1 28
9 28 -> 8 28 -> 7 28 -> 6 28 -> 5 28 -> 4 28 -> 3 28 -> 2 28 -> 1 28 END
Crossed Intersections: 1

EndNode: 20 1, StartNode: 1 28
20 1 -> 19 1 -> 18 1 -> 17 1 -> 16 1 -> 15 1 -> 14 1 -> 13 1 -> 12 1 -> 11 1 -> 10 1 -> 9 1 -> 8 1 -> 7 1 -> 6 1 -> 5 1 -> 4 1 -> 3 1 -> 2 1 -> 1 1 -> 1 2 -> 1 3 -> 1 4 -> 1 5 -> 1 6 -> 1 7 -> 1 8 -> 1 9 -> 1 10 -> 1 11 -> 1 12 -> 1 13 -> 1 14 -> 1 15 -> 1 16 -> 1 17 -> 1 18 -> 1 19 -> 1 20 -> 1 21 -> 1 22 -> 1 23 -> 1 24 -> 1 25 -> 1 26 -> 1 27 -> 1 28 END
Crossed Intersections: 5

EndNode: 20 9, StartNode: 1 28
20 9 -> 19 9 -> 18 9 -> 17 9 -> 16 9 -> 15 9 -> 14 9 -> 13 9 -> 12 9 -> 11 9 -> 10 9 -> 9 9 -> 8 9 -> 7 9 -> 6 9 -> 5 9 -> 4 9 -> 3 9 -> 2 9 -> 1 9 -> 1 10 -> 1 11 -> 1 12 -> 1 13 -> 1 14 -> 1 15 -> 1 16 -> 1 17 -> 1 18 -> 1 19 -> 1 20 -> 1 21 -> 1 22 -> 1 23 -> 1 24 -> 1 25 -> 1 26 -> 1 27 -> 1 28 END
Crossed Intersections: 4

EndNode: 20 20, StartNode: 1 28
20 20 -> 19 20 -> 18 20 -> 17 20 -> 16 20 -> 15 20 -> 14 20 -> 13 20 -> 12 20 -> 11 20 -> 10 20 -> 9 20 -> 8 20 -> 7 20 -> 6 20 -> 5 20 -> 4 20 -> 3 20 -> 2 20 -> 1 20 -> 1 21 -> 1 22 -> 1 23 -> 1 24 -> 1 25 -> 1 26 -> 1 27 -> 1 28 END
Crossed Intersections: 3

EndNode: 20 28, StartNode: 1 28
20 28 -> 19 28 -> 18 28 -> 17 28 -> 16 28 -> 15 28 -> 14 28 -> 13 28 -> 12 28 -> 11 28 -> 10 28 -> 9 28 -> 8 28 -> 7 28 -> 6 28 -> 5 28 -> 4 28 -> 3 28 -> 2 28 -> 1 28 END
Crossed Intersections: 2

EndNode: 28 1, StartNode: 1 28
28 1 -> 27 1 -> 26 1 -> 25 1 -> 24 1 -> 23 1 -> 22 1 -> 21 1 -> 20 1 -> 19 1 -> 18 1 -> 17 1 -> 16 1 -> 15 1 -> 14 1 -> 13 1 -> 12 1 -> 11 1 -> 10 1 -> 9 1 -> 8 1 -> 7 1 -> 6 1 -> 5 1 -> 4 1 -> 3 1 -> 2 1 -> 1 1 -> 1 2 -> 1 3 -> 1 4 -> 1 5 -> 1 6 -> 1 7 -> 1 8 -> 1 9 -> 1 10 -> 1 11 -> 1 12 -> 1 13 -> 1 14 -> 1 15 -> 1 16 -> 1 17 -> 1 18 -> 1 19 -> 1 20 -> 1 21 -> 1 22 -> 1 23 -> 1 24 -> 1 25 -> 1 26 -> 1 27 -> 1 28 END
Crossed Intersections: 6

EndNode: 28 9, StartNode: 1 28
28 9 -> 27 9 -> 26 9 -> 25 9 -> 24 9 -> 23 9 -> 22 9 -> 21 9 -> 20 9 -> 19 9 -> 18 9 -> 17 9 -> 16 9 -> 15 9 -> 14 9 -> 13 9 -> 12 9 -> 11 9 -> 10 9 -> 9 9 -> 8 9 -> 7 9 -> 6 9 -> 5 9 -> 4 9 -> 3 9 -> 2 9 -> 1 9 -> 1 10 -> 1 11 -> 1 12 -> 1 13 -> 1 14 -> 1 15 -> 1 16 -> 1 17 -> 1 18 -> 1 19 -> 1 20 -> 1 21 -> 1 22 -> 1 23 -> 1 24 -> 1 25 -> 1 26 -> 1 27 -> 1 28 END
Crossed Intersections: 5

EndNode: 28 20, StartNode: 1 28
28 20 -> 27 20 -> 26 20 -> 25 20 -> 24 20 -> 23 20 -> 22 20 -> 21 20 -> 20 20 -> 19 20 -> 18 20 -> 17 20 -> 16 20 -> 15 20 -> 14 20 -> 13 20 -> 12 20 -> 11 20 -> 10 20 -> 9 20 -> 8 20 -> 7 20 -> 6 20 -> 5 20 -> 4 20 -> 3 20 -> 2 20 -> 1 20 -> 1 21 -> 1 22 -> 1 23 -> 1 24 -> 1 25 -> 1 26 -> 1 27 -> 1 28 END
Crossed Intersections: 4

EndNode: 28 28, StartNode: 1 28
28 28 -> 27 28 -> 26 28 -> 25 28 -> 24 28 -> 23 28 -> 22 28 -> 21 28 -> 20 28 -> 19 28 -> 18 28 -> 17 28 -> 16 28 -> 15 28 -> 14 28 -> 13 28 -> 12 28 -> 11 28 -> 10 28 -> 9 28 -> 8 28 -> 7 28 -> 6 28 -> 5 28 -> 4 28 -> 3 28 -> 2 28 -> 1 28 END
Crossed Intersections: 3

EndNode: 9 9, StartNode: 9 1
9 9 -> 9 8 -> 9 7 -> 9 6 -> 9 5 -> 9 4 -> 9 3 -> 9 2 -> 9 1 END
Crossed Intersections: 1

EndNode: 9 20, StartNode: 9 1
9 20 -> 9 19 -> 9 18 -> 9 17 -> 9 16 -> 9 15 -> 9 14 -> 9 13 -> 9 12 -> 9 11 -> 9 10 -> 9 9 -> 9 8 -> 9 7 -> 9 6 -> 9 5 -> 9 4 -> 9 3 -> 9 2 -> 9 1 END
Crossed Intersections: 2

EndNode: 9 28, StartNode: 9 1
9 28 -> 9 27 -> 9 26 -> 9 25 -> 9 24 -> 9 23 -> 9 22 -> 9 21 -> 9 20 -> 9 19 -> 9 18 -> 9 17 -> 9 16 -> 9 15 -> 9 14 -> 9 13 -> 9 12 -> 9 11 -> 9 10 -> 9 9 -> 9 8 -> 9 7 -> 9 6 -> 9 5 -> 9 4 -> 9 3 -> 9 2 -> 9 1 END
Crossed Intersections: 3

EndNode: 20 1, StartNode: 9 1
20 1 -> 19 1 -> 18 1 -> 17 1 -> 16 1 -> 15 1 -> 14 1 -> 13 1 -> 12 1 -> 11 1 -> 10 1 -> 9 1 END
Crossed Intersections: 1

EndNode: 20 9, StartNode: 9 1
20 9 -> 20 8 -> 20 7 -> 20 6 -> 20 5 -> 20 4 -> 20 3 -> 20 2 -> 20 1 -> 19 1 -> 18 1 -> 17 1 -> 16 1 -> 15 1 -> 14 1 -> 13 1 -> 12 1 -> 11 1 -> 10 1 -> 9 1 END
Crossed Intersections: 2

EndNode: 20 20, StartNode: 9 1
20 20 -> 20 19 -> 20 18 -> 20 17 -> 20 16 -> 20 15 -> 20 14 -> 20 13 -> 20 12 -> 20 11 -> 20 10 -> 20 9 -> 20 8 -> 20 7 -> 20 6 -> 20 5 -> 20 4 -> 20 3 -> 20 2 -> 20 1 -> 19 1 -> 18 1 -> 17 1 -> 16 1 -> 15 1 -> 14 1 -> 13 1 -> 12 1 -> 11 1 -> 10 1 -> 9 1 END
Crossed Intersections: 3

EndNode: 20 28, StartNode: 9 1
20 28 -> 20 27 -> 20 26 -> 20 25 -> 20 24 -> 20 23 -> 20 22 -> 20 21 -> 20 20 -> 20 19 -> 20 18 -> 20 17 -> 20 16 -> 20 15 -> 20 14 -> 20 13 -> 20 12 -> 20 11 -> 20 10 -> 20 9 -> 20 8 -> 20 7 -> 20 6 -> 20 5 -> 20 4 -> 20 3 -> 20 2 -> 20 1 -> 19 1 -> 18 1 -> 17 1 -> 16 1 -> 15 1 -> 14 1 -> 13 1 -> 12 1 -> 11 1 -> 10 1 -> 9 1 END
Crossed Intersections: 4

EndNode: 28 1, StartNode: 9 1
28 1 -> 27 1 -> 26 1 -> 25 1 -> 24 1 -> 23 1 -> 22 1 -> 21 1 -> 20 1 -> 19 1 -> 18 1 -> 17 1 -> 16 1 -> 15 1 -> 14 1 -> 13 1 -> 12 1 -> 11 1 -> 10 1 -> 9 1 END
Crossed Intersections: 2

EndNode: 28 9, StartNode: 9 1
28 9 -> 28 8 -> 28 7 -> 28 6 -> 28 5 -> 28 4 -> 28 3 -> 28 2 -> 28 1 -> 27 1 -> 26 1 -> 25 1 -> 24 1 -> 23 1 -> 22 1 -> 21 1 -> 20 1 -> 19 1 -> 18 1 -> 17 1 -> 16 1 -> 15 1 -> 14 1 -> 13 1 -> 12 1 -> 11 1 -> 10 1 -> 9 1 END
Crossed Intersections: 3

EndNode: 28 20, StartNode: 9 1
28 20 -> 28 19 -> 28 18 -> 28 17 -> 28 16 -> 28 15 -> 28 14 -> 28 13 -> 28 12 -> 28 11 -> 28 10 -> 28 9 -> 28 8 -> 28 7 -> 28 6 -> 28 5 -> 28 4 -> 28 3 -> 28 2 -> 28 1 -> 27 1 -> 26 1 -> 25 1 -> 24 1 -> 23 1 -> 22 1 -> 21 1 -> 20 1 -> 19 1 -> 18 1 -> 17 1 -> 16 1 -> 15 1 -> 14 1 -> 13 1 -> 12 1 -> 11 1 -> 10 1 -> 9 1 END
Crossed Intersections: 4

EndNode: 28 28, StartNode: 9 1
28 28 -> 28 27 -> 28 26 -> 28 25 -> 28 24 -> 28 23 -> 28 22 -> 28 21 -> 28 20 -> 28 19 -> 28 18 -> 28 17 -> 28 16 -> 28 15 -> 28 14 -> 28 13 -> 28 12 -> 28 11 -> 28 10 -> 28 9 -> 28 8 -> 28 7 -> 28 6 -> 28 5 -> 28 4 -> 28 3 -> 28 2 -> 28 1 -> 27 1 -> 26 1 -> 25 1 -> 24 1 -> 23 1 -> 22 1 -> 21 1 -> 20 1 -> 19 1 -> 18 1 -> 17 1 -> 16 1 -> 15 1 -> 14 1 -> 13 1 -> 12 1 -> 11 1 -> 10 1 -> 9 1 END
Crossed Intersections: 5

EndNode: 9 20, StartNode: 9 9
9 20 -> 9 19 -> 9 18 -> 9 17 -> 9 16 -> 9 15 -> 9 14 -> 9 13 -> 9 12 -> 9 11 -> 9 10 -> 9 9 END
Crossed Intersections: 1

EndNode: 9 28, StartNode: 9 9
9 28 -> 9 27 -> 9 26 -> 9 25 -> 9 24 -> 9 23 -> 9 22 -> 9 21 -> 9 20 -> 9 19 -> 9 18 -> 9 17 -> 9 16 -> 9 15 -> 9 14 -> 9 13 -> 9 12 -> 9 11 -> 9 10 -> 9 9 END
Crossed Intersections: 2

EndNode: 20 1, StartNode: 9 9
20 1 -> 19 1 -> 18 1 -> 17 1 -> 16 1 -> 15 1 -> 14 1 -> 13 1 -> 12 1 -> 11 1 -> 10 1 -> 9 1 -> 9 2 -> 9 3 -> 9 4 -> 9 5 -> 9 6 -> 9 7 -> 9 8 -> 9 9 END
Crossed Intersections: 2

EndNode: 20 9, StartNode: 9 9
20 9 -> 19 9 -> 18 9 -> 17 9 -> 16 9 -> 15 9 -> 14 9 -> 13 9 -> 12 9 -> 11 9 -> 10 9 -> 9 9 END
Crossed Intersections: 1

EndNode: 20 20, StartNode: 9 9
20 20 -> 20 19 -> 20 18 -> 20 17 -> 20 16 -> 20 15 -> 20 14 -> 20 13 -> 20 12 -> 20 11 -> 20 10 -> 20 9 -> 19 9 -> 18 9 -> 17 9 -> 16 9 -> 15 9 -> 14 9 -> 13 9 -> 12 9 -> 11 9 -> 10 9 -> 9 9 END
Crossed Intersections: 2

EndNode: 20 28, StartNode: 9 9
20 28 -> 20 27 -> 20 26 -> 20 25 -> 20 24 -> 20 23 -> 20 22 -> 20 21 -> 20 20 -> 20 19 -> 20 18 -> 20 17 -> 20 16 -> 20 15 -> 20 14 -> 20 13 -> 20 12 -> 20 11 -> 20 10 -> 20 9 -> 19 9 -> 18 9 -> 17 9 -> 16 9 -> 15 9 -> 14 9 -> 13 9 -> 12 9 -> 11 9 -> 10 9 -> 9 9 END
Crossed Intersections: 3

EndNode: 28 1, StartNode: 9 9
28 1 -> 27 1 -> 26 1 -> 25 1 -> 24 1 -> 23 1 -> 22 1 -> 21 1 -> 20 1 -> 19 1 -> 18 1 -> 17 1 -> 16 1 -> 15 1 -> 14 1 -> 13 1 -> 12 1 -> 11 1 -> 10 1 -> 9 1 -> 9 2 -> 9 3 -> 9 4 -> 9 5 -> 9 6 -> 9 7 -> 9 8 -> 9 9 END
Crossed Intersections: 3

EndNode: 28 9, StartNode: 9 9
28 9 -> 27 9 -> 26 9 -> 25 9 -> 24 9 -> 23 9 -> 22 9 -> 21 9 -> 20 9 -> 19 9 -> 18 9 -> 17 9 -> 16 9 -> 15 9 -> 14 9 -> 13 9 -> 12 9 -> 11 9 -> 10 9 -> 9 9 END
Crossed Intersections: 2

EndNode: 28 20, StartNode: 9 9
28 20 -> 28 19 -> 28 18 -> 28 17 -> 28 16 -> 28 15 -> 28 14 -> 28 13 -> 28 12 -> 28 11 -> 28 10 -> 28 9 -> 27 9 -> 26 9 -> 25 9 -> 24 9 -> 23 9 -> 22 9 -> 21 9 -> 20 9 -> 19 9 -> 18 9 -> 17 9 -> 16 9 -> 15 9 -> 14 9 -> 13 9 -> 12 9 -> 11 9 -> 10 9 -> 9 9 END
Crossed Intersections: 3

EndNode: 28 28, StartNode: 9 9
28 28 -> 28 27 -> 28 26 -> 28 25 -> 28 24 -> 28 23 -> 28 22 -> 28 21 -> 28 20 -> 28 19 -> 28 18 -> 28 17 -> 28 16 -> 28 15 -> 28 14 -> 28 13 -> 28 12 -> 28 11 -> 28 10 -> 28 9 -> 27 9 -> 26 9 -> 25 9 -> 24 9 -> 23 9 -> 22 9 -> 21 9 -> 20 9 -> 19 9 -> 18 9 -> 17 9 -> 16 9 -> 15 9 -> 14 9 -> 13 9 -> 12 9 -> 11 9 -> 10 9 -> 9 9 END
Crossed Intersections: 4

EndNode: 9 28, StartNode: 9 20
9 28 -> 9 27 -> 9 26 -> 9 25 -> 9 24 -> 9 23 -> 9 22 -> 9 21 -> 9 20 END
Crossed Intersections: 1

EndNode: 20 1, StartNode: 9 20
20 1 -> 19 1 -> 18 1 -> 17 1 -> 16 1 -> 15 1 -> 14 1 -> 13 1 -> 12 1 -> 11 1 -> 10 1 -> 9 1 -> 9 2 -> 9 3 -> 9 4 -> 9 5 -> 9 6 -> 9 7 -> 9 8 -> 9 9 -> 9 10 -> 9 11 -> 9 12 -> 9 13 -> 9 14 -> 9 15 -> 9 16 -> 9 17 -> 9 18 -> 9 19 -> 9 20 END
Crossed Intersections: 3

EndNode: 20 9, StartNode: 9 20
20 9 -> 19 9 -> 18 9 -> 17 9 -> 16 9 -> 15 9 -> 14 9 -> 13 9 -> 12 9 -> 11 9 -> 10 9 -> 9 9 -> 9 10 -> 9 11 -> 9 12 -> 9 13 -> 9 14 -> 9 15 -> 9 16 -> 9 17 -> 9 18 -> 9 19 -> 9 20 END
Crossed Intersections: 2

EndNode: 20 20, StartNode: 9 20
20 20 -> 19 20 -> 18 20 -> 17 20 -> 16 20 -> 15 20 -> 14 20 -> 13 20 -> 12 20 -> 11 20 -> 10 20 -> 9 20 END
Crossed Intersections: 1

EndNode: 20 28, StartNode: 9 20
20 28 -> 20 27 -> 20 26 -> 20 25 -> 20 24 -> 20 23 -> 20 22 -> 20 21 -> 20 20 -> 19 20 -> 18 20 -> 17 20 -> 16 20 -> 15 20 -> 14 20 -> 13 20 -> 12 20 -> 11 20 -> 10 20 -> 9 20 END
Crossed Intersections: 2

EndNode: 28 1, StartNode: 9 20
28 1 -> 27 1 -> 26 1 -> 25 1 -> 24 1 -> 23 1 -> 22 1 -> 21 1 -> 20 1 -> 19 1 -> 18 1 -> 17 1 -> 16 1 -> 15 1 -> 14 1 -> 13 1 -> 12 1 -> 11 1 -> 10 1 -> 9 1 -> 9 2 -> 9 3 -> 9 4 -> 9 5 -> 9 6 -> 9 7 -> 9 8 -> 9 9 -> 9 10 -> 9 11 -> 9 12 -> 9 13 -> 9 14 -> 9 15 -> 9 16 -> 9 17 -> 9 18 -> 9 19 -> 9 20 END
Crossed Intersections: 4

EndNode: 28 9, StartNode: 9 20
28 9 -> 27 9 -> 26 9 -> 25 9 -> 24 9 -> 23 9 -> 22 9 -> 21 9 -> 20 9 -> 19 9 -> 18 9 -> 17 9 -> 16 9 -> 15 9 -> 14 9 -> 13 9 -> 12 9 -> 11 9 -> 10 9 -> 9 9 -> 9 10 -> 9 11 -> 9 12 -> 9 13 -> 9 14 -> 9 15 -> 9 16 -> 9 17 -> 9 18 -> 9 19 -> 9 20 END
Crossed Intersections: 3

EndNode: 28 20, StartNode: 9 20
28 20 -> 27 20 -> 26 20 -> 25 20 -> 24 20 -> 23 20 -> 22 20 -> 21 20 -> 20 20 -> 19 20 -> 18 20 -> 17 20 -> 16 20 -> 15 20 -> 14 20 -> 13 20 -> 12 20 -> 11 20 -> 10 20 -> 9 20 END
Crossed Intersections: 2

EndNode: 28 28, StartNode: 9 20
28 28 -> 28 27 -> 28 26 -> 28 25 -> 28 24 -> 28 23 -> 28 22 -> 28 21 -> 28 20 -> 27 20 -> 26 20 -> 25 20 -> 24 20 -> 23 20 -> 22 20 -> 21 20 -> 20 20 -> 19 20 -> 18 20 -> 17 20 -> 16 20 -> 15 20 -> 14 20 -> 13 20 -> 12 20 -> 11 20 -> 10 20 -> 9 20 END
Crossed Intersections: 3

EndNode: 20 1, StartNode: 9 28
20 1 -> 19 1 -> 18 1 -> 17 1 -> 16 1 -> 15 1 -> 14 1 -> 13 1 -> 12 1 -> 11 1 -> 10 1 -> 9 1 -> 9 2 -> 9 3 -> 9 4 -> 9 5 -> 9 6 -> 9 7 -> 9 8 -> 9 9 -> 9 10 -> 9 11 -> 9 12 -> 9 13 -> 9 14 -> 9 15 -> 9 16 -> 9 17 -> 9 18 -> 9 19 -> 9 20 -> 9 21 -> 9 22 -> 9 23 -> 9 24 -> 9 25 -> 9 26 -> 9 27 -> 9 28 END
Crossed Intersections: 4

EndNode: 20 9, StartNode: 9 28
20 9 -> 19 9 -> 18 9 -> 17 9 -> 16 9 -> 15 9 -> 14 9 -> 13 9 -> 12 9 -> 11 9 -> 10 9 -> 9 9 -> 9 10 -> 9 11 -> 9 12 -> 9 13 -> 9 14 -> 9 15 -> 9 16 -> 9 17 -> 9 18 -> 9 19 -> 9 20 -> 9 21 -> 9 22 -> 9 23 -> 9 24 -> 9 25 -> 9 26 -> 9 27 -> 9 28 END
Crossed Intersections: 3

EndNode: 20 20, StartNode: 9 28
20 20 -> 19 20 -> 18 20 -> 17 20 -> 16 20 -> 15 20 -> 14 20 -> 13 20 -> 12 20 -> 11 20 -> 10 20 -> 9 20 -> 9 21 -> 9 22 -> 9 23 -> 9 24 -> 9 25 -> 9 26 -> 9 27 -> 9 28 END
Crossed Intersections: 2

EndNode: 20 28, StartNode: 9 28
20 28 -> 19 28 -> 18 28 -> 17 28 -> 16 28 -> 15 28 -> 14 28 -> 13 28 -> 12 28 -> 11 28 -> 10 28 -> 9 28 END
Crossed Intersections: 1

EndNode: 28 1, StartNode: 9 28
28 1 -> 27 1 -> 26 1 -> 25 1 -> 24 1 -> 23 1 -> 22 1 -> 21 1 -> 20 1 -> 19 1 -> 18 1 -> 17 1 -> 16 1 -> 15 1 -> 14 1 -> 13 1 -> 12 1 -> 11 1 -> 10 1 -> 9 1 -> 9 2 -> 9 3 -> 9 4 -> 9 5 -> 9 6 -> 9 7 -> 9 8 -> 9 9 -> 9 10 -> 9 11 -> 9 12 -> 9 13 -> 9 14 -> 9 15 -> 9 16 -> 9 17 -> 9 18 -> 9 19 -> 9 20 -> 9 21 -> 9 22 -> 9 23 -> 9 24 -> 9 25 -> 9 26 -> 9 27 -> 9 28 END
Crossed Intersections: 5

EndNode: 28 9, StartNode: 9 28
28 9 -> 27 9 -> 26 9 -> 25 9 -> 24 9 -> 23 9 -> 22 9 -> 21 9 -> 20 9 -> 19 9 -> 18 9 -> 17 9 -> 16 9 -> 15 9 -> 14 9 -> 13 9 -> 12 9 -> 11 9 -> 10 9 -> 9 9 -> 9 10 -> 9 11 -> 9 12 -> 9 13 -> 9 14 -> 9 15 -> 9 16 -> 9 17 -> 9 18 -> 9 19 -> 9 20 -> 9 21 -> 9 22 -> 9 23 -> 9 24 -> 9 25 -> 9 26 -> 9 27 -> 9 28 END
Crossed Intersections: 4

EndNode: 28 20, StartNode: 9 28
28 20 -> 27 20 -> 26 20 -> 25 20 -> 24 20 -> 23 20 -> 22 20 -> 21 20 -> 20 20 -> 19 20 -> 18 20 -> 17 20 -> 16 20 -> 15 20 -> 14 20 -> 13 20 -> 12 20 -> 11 20 -> 10 20 -> 9 20 -> 9 21 -> 9 22 -> 9 23 -> 9 24 -> 9 25 -> 9 26 -> 9 27 -> 9 28 END
Crossed Intersections: 3

EndNode: 28 28, StartNode: 9 28
28 28 -> 27 28 -> 26 28 -> 25 28 -> 24 28 -> 23 28 -> 22 28 -> 21 28 -> 20 28 -> 19 28 -> 18 28 -> 17 28 -> 16 28 -> 15 28 -> 14 28 -> 13 28 -> 12 28 -> 11 28 -> 10 28 -> 9 28 END
Crossed Intersections: 2

EndNode: 20 9, StartNode: 20 1
20 9 -> 20 8 -> 20 7 -> 20 6 -> 20 5 -> 20 4 -> 20 3 -> 20 2 -> 20 1 END
Crossed Intersections: 1

EndNode: 20 20, StartNode: 20 1
20 20 -> 20 19 -> 20 18 -> 20 17 -> 20 16 -> 20 15 -> 20 14 -> 20 13 -> 20 12 -> 20 11 -> 20 10 -> 20 9 -> 20 8 -> 20 7 -> 20 6 -> 20 5 -> 20 4 -> 20 3 -> 20 2 -> 20 1 END
Crossed Intersections: 2

EndNode: 20 28, StartNode: 20 1
20 28 -> 20 27 -> 20 26 -> 20 25 -> 20 24 -> 20 23 -> 20 22 -> 20 21 -> 20 20 -> 20 19 -> 20 18 -> 20 17 -> 20 16 -> 20 15 -> 20 14 -> 20 13 -> 20 12 -> 20 11 -> 20 10 -> 20 9 -> 20 8 -> 20 7 -> 20 6 -> 20 5 -> 20 4 -> 20 3 -> 20 2 -> 20 1 END
Crossed Intersections: 3

EndNode: 28 1, StartNode: 20 1
28 1 -> 27 1 -> 26 1 -> 25 1 -> 24 1 -> 23 1 -> 22 1 -> 21 1 -> 20 1 END
Crossed Intersections: 1

EndNode: 28 9, StartNode: 20 1
28 9 -> 28 8 -> 28 7 -> 28 6 -> 28 5 -> 28 4 -> 28 3 -> 28 2 -> 28 1 -> 27 1 -> 26 1 -> 25 1 -> 24 1 -> 23 1 -> 22 1 -> 21 1 -> 20 1 END
Crossed Intersections: 2

EndNode: 28 20, StartNode: 20 1
28 20 -> 28 19 -> 28 18 -> 28 17 -> 28 16 -> 28 15 -> 28 14 -> 28 13 -> 28 12 -> 28 11 -> 28 10 -> 28 9 -> 28 8 -> 28 7 -> 28 6 -> 28 5 -> 28 4 -> 28 3 -> 28 2 -> 28 1 -> 27 1 -> 26 1 -> 25 1 -> 24 1 -> 23 1 -> 22 1 -> 21 1 -> 20 1 END
Crossed Intersections: 3

EndNode: 28 28, StartNode: 20 1
28 28 -> 28 27 -> 28 26 -> 28 25 -> 28 24 -> 28 23 -> 28 22 -> 28 21 -> 28 20 -> 28 19 -> 28 18 -> 28 17 -> 28 16 -> 28 15 -> 28 14 -> 28 13 -> 28 12 -> 28 11 -> 28 10 -> 28 9 -> 28 8 -> 28 7 -> 28 6 -> 28 5 -> 28 4 -> 28 3 -> 28 2 -> 28 1 -> 27 1 -> 26 1 -> 25 1 -> 24 1 -> 23 1 -> 22 1 -> 21 1 -> 20 1 END
Crossed Intersections: 4

EndNode: 20 20, StartNode: 20 9
20 20 -> 20 19 -> 20 18 -> 20 17 -> 20 16 -> 20 15 -> 20 14 -> 20 13 -> 20 12 -> 20 11 -> 20 10 -> 20 9 END
Crossed Intersections: 1

EndNode: 20 28, StartNode: 20 9
20 28 -> 20 27 -> 20 26 -> 20 25 -> 20 24 -> 20 23 -> 20 22 -> 20 21 -> 20 20 -> 20 19 -> 20 18 -> 20 17 -> 20 16 -> 20 15 -> 20 14 -> 20 13 -> 20 12 -> 20 11 -> 20 10 -> 20 9 END
Crossed Intersections: 2

EndNode: 28 1, StartNode: 20 9
28 1 -> 27 1 -> 26 1 -> 25 1 -> 24 1 -> 23 1 -> 22 1 -> 21 1 -> 20 1 -> 20 2 -> 20 3 -> 20 4 -> 20 5 -> 20 6 -> 20 7 -> 20 8 -> 20 9 END
Crossed Intersections: 2

EndNode: 28 9, StartNode: 20 9
28 9 -> 27 9 -> 26 9 -> 25 9 -> 24 9 -> 23 9 -> 22 9 -> 21 9 -> 20 9 END
Crossed Intersections: 1

EndNode: 28 20, StartNode: 20 9
28 20 -> 28 19 -> 28 18 -> 28 17 -> 28 16 -> 28 15 -> 28 14 -> 28 13 -> 28 12 -> 28 11 -> 28 10 -> 28 9 -> 27 9 -> 26 9 -> 25 9 -> 24 9 -> 23 9 -> 22 9 -> 21 9 -> 20 9 END
Crossed Intersections: 2

EndNode: 28 28, StartNode: 20 9
28 28 -> 28 27 -> 28 26 -> 28 25 -> 28 24 -> 28 23 -> 28 22 -> 28 21 -> 28 20 -> 28 19 -> 28 18 -> 28 17 -> 28 16 -> 28 15 -> 28 14 -> 28 13 -> 28 12 -> 28 11 -> 28 10 -> 28 9 -> 27 9 -> 26 9 -> 25 9 -> 24 9 -> 23 9 -> 22 9 -> 21 9 -> 20 9 END
Crossed Intersections: 3

EndNode: 20 28, StartNode: 20 20
20 28 -> 20 27 -> 20 26 -> 20 25 -> 20 24 -> 20 23 -> 20 22 -> 20 21 -> 20 20 END
Crossed Intersections: 1

EndNode: 28 1, StartNode: 20 20
28 1 -> 27 1 -> 26 1 -> 25 1 -> 24 1 -> 23 1 -> 22 1 -> 21 1 -> 20 1 -> 20 2 -> 20 3 -> 20 4 -> 20 5 -> 20 6 -> 20 7 -> 20 8 -> 20 9 -> 20 10 -> 20 11 -> 20 12 -> 20 13 -> 20 14 -> 20 15 -> 20 16 -> 20 17 -> 20 18 -> 20 19 -> 20 20 END
Crossed Intersections: 3

EndNode: 28 9, StartNode: 20 20
28 9 -> 27 9 -> 26 9 -> 25 9 -> 24 9 -> 23 9 -> 22 9 -> 21 9 -> 20 9 -> 20 10 -> 20 11 -> 20 12 -> 20 13 -> 20 14 -> 20 15 -> 20 16 -> 20 17 -> 20 18 -> 20 19 -> 20 20 END
Crossed Intersections: 2

EndNode: 28 20, StartNode: 20 20
28 20 -> 27 20 -> 26 20 -> 25 20 -> 24 20 -> 23 20 -> 22 20 -> 21 20 -> 20 20 END
Crossed Intersections: 1

EndNode: 28 28, StartNode: 20 20
28 28 -> 28 27 -> 28 26 -> 28 25 -> 28 24 -> 28 23 -> 28 22 -> 28 21 -> 28 20 -> 27 20 -> 26 20 -> 25 20 -> 24 20 -> 23 20 -> 22 20 -> 21 20 -> 20 20 END
Crossed Intersections: 2

EndNode: 28 1, StartNode: 20 28
28 1 -> 27 1 -> 26 1 -> 25 1 -> 24 1 -> 23 1 -> 22 1 -> 21 1 -> 20 1 -> 20 2 -> 20 3 -> 20 4 -> 20 5 -> 20 6 -> 20 7 -> 20 8 -> 20 9 -> 20 10 -> 20 11 -> 20 12 -> 20 13 -> 20 14 -> 20 15 -> 20 16 -> 20 17 -> 20 18 -> 20 19 -> 20 20 -> 20 21 -> 20 22 -> 20 23 -> 20 24 -> 20 25 -> 20 26 -> 20 27 -> 20 28 END
Crossed Intersections: 4

EndNode: 28 9, StartNode: 20 28
28 9 -> 27 9 -> 26 9 -> 25 9 -> 24 9 -> 23 9 -> 22 9 -> 21 9 -> 20 9 -> 20 10 -> 20 11 -> 20 12 -> 20 13 -> 20 14 -> 20 15 -> 20 16 -> 20 17 -> 20 18 -> 20 19 -> 20 20 -> 20 21 -> 20 22 -> 20 23 -> 20 24 -> 20 25 -> 20 26 -> 20 27 -> 20 28 END
Crossed Intersections: 3

EndNode: 28 20, StartNode: 20 28
28 20 -> 27 20 -> 26 20 -> 25 20 -> 24 20 -> 23 20 -> 22 20 -> 21 20 -> 20 20 -> 20 21 -> 20 22 -> 20 23 -> 20 24 -> 20 25 -> 20 26 -> 20 27 -> 20 28 END
Crossed Intersections: 2

EndNode: 28 28, StartNode: 20 28
28 28 -> 27 28 -> 26 28 -> 25 28 -> 24 28 -> 23 28 -> 22 28 -> 21 28 -> 20 28 END
Crossed Intersections: 1

EndNode: 28 9, StartNode: 28 1
28 9 -> 28 8 -> 28 7 -> 28 6 -> 28 5 -> 28 4 -> 28 3 -> 28 2 -> 28 1 END
Crossed Intersections: 1

EndNode: 28 20, StartNode: 28 1
28 20 -> 28 19 -> 28 18 -> 28 17 -> 28 16 -> 28 15 -> 28 14 -> 28 13 -> 28 12 -> 28 11 -> 28 10 -> 28 9 -> 28 8 -> 28 7 -> 28 6 -> 28 5 -> 28 4 -> 28 3 -> 28 2 -> 28 1 END
Crossed Intersections: 2

EndNode: 28 28, StartNode: 28 1
28 28 -> 28 27 -> 28 26 -> 28 25 -> 28 24 -> 28 23 -> 28 22 -> 28 21 -> 28 20 -> 28 19 -> 28 18 -> 28 17 -> 28 16 -> 28 15 -> 28 14 -> 28 13 -> 28 12 -> 28 11 -> 28 10 -> 28 9 -> 28 8 -> 28 7 -> 28 6 -> 28 5 -> 28 4 -> 28 3 -> 28 2 -> 28 1 END
Crossed Intersections: 3

EndNode: 28 20, StartNode: 28 9
28 20 -> 28 19 -> 28 18 -> 28 17 -> 28 16 -> 28 15 -> 28 14 -> 28 13 -> 28 12 -> 28 11 -> 28 10 -> 28 9 END
Crossed Intersections: 1

EndNode: 28 28, StartNode: 28 9
28 28 -> 28 27 -> 28 26 -> 28 25 -> 28 24 -> 28 23 -> 28 22 -> 28 21 -> 28 20 -> 28 19 -> 28 18 -> 28 17 -> 28 16 -> 28 15 -> 28 14 -> 28 13 -> 28 12 -> 28 11 -> 28 10 -> 28 9 END
Crossed Intersections: 2

EndNode: 28 28, StartNode: 28 20
28 28 -> 28 27 -> 28 26 -> 28 25 -> 28 24 -> 28 23 -> 28 22 -> 28 21 -> 28 20 END
Crossed Intersections: 1

